[debug] [2024-03-05T15:59:15.389Z] ----------------------------------------------------------------------
[debug] [2024-03-05T15:59:15.391Z] Command:       /home/gitpod/.nvm/versions/node/v20.11.1/bin/node /home/gitpod/.nvm/versions/node/v20.11.1/bin/firebase login
[debug] [2024-03-05T15:59:15.391Z] CLI Version:   13.4.0
[debug] [2024-03-05T15:59:15.391Z] Platform:      linux
[debug] [2024-03-05T15:59:15.392Z] Node Version:  v20.11.1
[debug] [2024-03-05T15:59:15.392Z] Time:          Tue Mar 05 2024 15:59:15 GMT+0000 (Coordinated Universal Time)
[debug] [2024-03-05T15:59:15.392Z] ----------------------------------------------------------------------
[debug] 
[info] i  Firebase optionally collects CLI and Emulator Suite usage and error reporting information to help improve our products. Data is collected in accordance with Google's privacy policy (https://policies.google.com/privacy) and is not used to identify you.
 
[info] 
[info] Visit this URL on this device to log in:
[info] https://accounts.google.com/o/oauth2/auth?client_id=563584335869-fgrhgmd47bqnekij5i8b5pr03ho849e6.apps.googleusercontent.com&scope=email%20openid%20https%3A%2F%2Fwww.googleapis.com%2Fauth%2Fcloudplatformprojects.readonly%20https%3A%2F%2Fwww.googleapis.com%2Fauth%2Ffirebase%20https%3A%2F%2Fwww.googleapis.com%2Fauth%2Fcloud-platform&response_type=code&state=256579933&redirect_uri=http%3A%2F%2Flocalhost%3A9005
[info] 
[info] Waiting for authentication...
[debug] [2024-03-05T16:00:03.276Z] ----------------------------------------------------------------------
[debug] [2024-03-05T16:00:03.278Z] Command:       /home/gitpod/.nvm/versions/node/v20.11.1/bin/node /home/gitpod/.nvm/versions/node/v20.11.1/bin/firebase login
[debug] [2024-03-05T16:00:03.278Z] CLI Version:   13.4.0
[debug] [2024-03-05T16:00:03.278Z] Platform:      linux
[debug] [2024-03-05T16:00:03.279Z] Node Version:  v20.11.1
[debug] [2024-03-05T16:00:03.279Z] Time:          Tue Mar 05 2024 16:00:03 GMT+0000 (Coordinated Universal Time)
[debug] [2024-03-05T16:00:03.279Z] ----------------------------------------------------------------------
[debug] 
[info] i  Firebase optionally collects CLI and Emulator Suite usage and error reporting information to help improve our products. Data is collected in accordance with Google's privacy policy (https://policies.google.com/privacy) and is not used to identify you.
 
[info] i  To change your data collection preference at any time, run `firebase logout` and log in again. 
[info] 
[info] Visit this URL on this device to log in:
[info] https://accounts.google.com/o/oauth2/auth?client_id=563584335869-fgrhgmd47bqnekij5i8b5pr03ho849e6.apps.googleusercontent.com&scope=email%20openid%20https%3A%2F%2Fwww.googleapis.com%2Fauth%2Fcloudplatformprojects.readonly%20https%3A%2F%2Fwww.googleapis.com%2Fauth%2Ffirebase%20https%3A%2F%2Fwww.googleapis.com%2Fauth%2Fcloud-platform&response_type=code&state=328773339&redirect_uri=http%3A%2F%2Flocalhost%3A9005
[info] 
[info] Waiting for authentication...
[debug] [2024-03-05T16:06:39.276Z] ----------------------------------------------------------------------
[debug] [2024-03-05T16:06:39.278Z] Command:       /home/gitpod/.nvm/versions/node/v20.11.1/bin/node /home/gitpod/.nvm/versions/node/v20.11.1/bin/firebase login
[debug] [2024-03-05T16:06:39.279Z] CLI Version:   13.4.0
[debug] [2024-03-05T16:06:39.279Z] Platform:      linux
[debug] [2024-03-05T16:06:39.279Z] Node Version:  v20.11.1
[debug] [2024-03-05T16:06:39.279Z] Time:          Tue Mar 05 2024 16:06:39 GMT+0000 (Coordinated Universal Time)
[debug] [2024-03-05T16:06:39.280Z] ----------------------------------------------------------------------
[debug] 
[info] i  Firebase optionally collects CLI and Emulator Suite usage and error reporting information to help improve our products. Data is collected in accordance with Google's privacy policy (https://policies.google.com/privacy) and is not used to identify you.
 
[info] i  To change your data collection preference at any time, run `firebase logout` and log in again. 
[info] 
[info] Visit this URL on this device to log in:
[info] https://accounts.google.com/o/oauth2/auth?client_id=563584335869-fgrhgmd47bqnekij5i8b5pr03ho849e6.apps.googleusercontent.com&scope=email%20openid%20https%3A%2F%2Fwww.googleapis.com%2Fauth%2Fcloudplatformprojects.readonly%20https%3A%2F%2Fwww.googleapis.com%2Fauth%2Ffirebase%20https%3A%2F%2Fwww.googleapis.com%2Fauth%2Fcloud-platform&response_type=code&state=878935599&redirect_uri=http%3A%2F%2Flocalhost%3A9005
[info] 
[info] Waiting for authentication...
